<?xml version="1.0" encoding="UTF-8"?>
<!-- Generated by org.testng.reporters.JUnitReportReporter -->
<testsuite hostname="birendras-MacBook-Air.local" failures="0" tests="1" name="dockerTest.SignUp" time="9.983" errors="0" timestamp="2020-07-23T00:45:10 EDT" skipped="0">
  <testcase classname="dockerTest.SignUp" name="signUP" time="9.983"/>
  <system-out/>
</testsuite> <!-- dockerTest.SignUp -->
