<?xml version="1.0" encoding="UTF-8"?>
<!-- Generated by org.testng.reporters.JUnitReportReporter -->
<testsuite hostname="birendras-MacBook-Air.local" failures="0" tests="1" name="dockerTest.VerifyTitle" time="1.753" errors="0" timestamp="2020-07-05T01:42:54 EDT" skipped="0">
  <testcase classname="dockerTest.VerifyTitle" name="sampleTest" time="1.753"/>
  <system-out/>
</testsuite> <!-- dockerTest.VerifyTitle -->
