<?xml version="1.0" encoding="UTF-8"?>
<!-- Generated by org.testng.reporters.JUnitReportReporter -->
<testsuite hostname="birendras-MacBook-Air.local" failures="0" tests="1" name="dockerTest.SignIn" time="7.942" errors="0" timestamp="2020-07-23T00:45:10 EDT" skipped="0">
  <testcase classname="dockerTest.SignIn" name="singIn" time="7.942"/>
  <system-out/>
</testsuite> <!-- dockerTest.SignIn -->
