<?xml version="1.0" encoding="UTF-8"?>
<!-- Generated by org.testng.reporters.JUnitReportReporter -->
<testsuite hostname="birendras-MacBook-Air.local" failures="0" tests="1" name="dockerTest.ProvideCorrectTitle" time="2.174" errors="0" timestamp="2020-07-08T00:55:17 EDT" skipped="0">
  <testcase classname="dockerTest.ProvideCorrectTitle" name="sampleTest" time="2.174"/>
  <system-out/>
</testsuite> <!-- dockerTest.ProvideCorrectTitle -->
